Flutter crash report.
Please report a bug at https://github.com/flutter/flutter/issues.

## command

flutter --quiet assemble --no-version-check --depfile C:\Users\H\Desktop\app acuont\eqari\build\app\intermediates\flutter\debug/flutter_build.d --output C:\Users\H\Desktop\app acuont\eqari\build\app\intermediates\flutter\debug -dTargetFile=C:\Users\H\Desktop\app acuont\eqari\lib\main.dart -dTargetPlatform=android -dBuildMode=debug -dTrackWidgetCreation=true -dFlavor= -dAndroidArchs=android-arm64 -dMinSdkVersion=21 debug_android_application

## exception

ArgumentError: Invalid argument(s): Uri c:/Users/H/Desktop/app%20acuont/eqari/assets/fonts/Almarai-Bold.ttf must have scheme 'file:'.

```
#0      WindowsStyle.pathFromUri (package:path/src/style/windows.dart:86:7)
#1      Context.fromUri (package:path/src/context.dart:1040:40)
#2      ManifestAssetBundle._resolveAsset (package:flutter_tools/src/asset.dart:1198:47)
#3      ManifestAssetBundle._parseAssets (package:flutter_tools/src/asset.dart:981:34)
#4      ManifestAssetBundle.build (package:flutter_tools/src/asset.dart:297:54)
<asynchronous suspension>
#5      copyAssets (package:flutter_tools/src/build_system/targets/assets.dart:65:26)
<asynchronous suspension>
#6      AndroidAssetBundle.build (package:flutter_tools/src/build_system/targets/android.dart:73:34)
<asynchronous suspension>
#7      _BuildInstance._invokeInternal (package:flutter_tools/src/build_system/build_system.dart:876:9)
<asynchronous suspension>
#8      FlutterBuildSystem.build (package:flutter_tools/src/build_system/build_system.dart:637:16)
<asynchronous suspension>
#9      AssembleCommand.runCommand (package:flutter_tools/src/commands/assemble.dart:354:32)
<asynchronous suspension>
#10     FlutterCommand.run.<anonymous closure> (package:flutter_tools/src/runner/flutter_command.dart:1558:27)
<asynchronous suspension>
#11     AppContext.run.<anonymous closure> (package:flutter_tools/src/base/context.dart:154:19)
<asynchronous suspension>
#12     CommandRunner.runCommand (package:args/command_runner.dart:212:13)
<asynchronous suspension>
#13     FlutterCommandRunner.runCommand.<anonymous closure> (package:flutter_tools/src/runner/flutter_command_runner.dart:496:9)
<asynchronous suspension>
#14     AppContext.run.<anonymous closure> (package:flutter_tools/src/base/context.dart:154:19)
<asynchronous suspension>
#15     FlutterCommandRunner.runCommand (package:flutter_tools/src/runner/flutter_command_runner.dart:431:5)
<asynchronous suspension>
#16     run.<anonymous closure>.<anonymous closure> (package:flutter_tools/runner.dart:98:11)
<asynchronous suspension>
#17     AppContext.run.<anonymous closure> (package:flutter_tools/src/base/context.dart:154:19)
<asynchronous suspension>
#18     main (package:flutter_tools/executable.dart:99:3)
<asynchronous suspension>
```

## flutter doctor

```
[!] Flutter (Channel stable, 3.29.0, on Microsoft Windows [Version 10.0.22631.4830], locale ar-SA) [381ms]
    • Flutter version 3.29.0 on channel stable at C:\Fluter\flutter
    ! Warning: `dart` on your path resolves to C:\Dart SDK\dart-sdk\bin\dart.exe, which is not inside your current Flutter SDK checkout at C:\Fluter\flutter. Consider adding C:\Fluter\flutter\bin to the front of your path.
    • Upstream repository https://github.com/flutter/flutter.git
    • Framework revision 35c388afb5 (5 weeks ago), 2025-02-10 12:48:41 -0800
    • Engine revision f73bfc4522
    • Dart version 3.7.0
    • DevTools version 2.42.2
    • If those were intentional, you can disregard the above warnings; however it is recommended to use "git" directly to perform update checks and upgrades.

[✓] Windows Version (?? 11 Pro 64-bit, 23H2, 2009) [1,936ms]

[!] Android toolchain - develop for Android devices (Android SDK version 35.0.1) [413ms]
    • Android SDK at C:\Users\H\AppData\Local\Android\sdk
    ✗ cmdline-tools component is missing
      Run `path/to/sdkmanager --install "cmdline-tools;latest"`
      See https://developer.android.com/studio/command-line for more details.
    ✗ Android license status unknown.
      Run `flutter doctor --android-licenses` to accept the SDK licenses.
      See https://flutter.dev/to/windows-android-setup for more details.

[✓] Chrome - develop for the web [200ms]
    • Chrome at C:\Program Files\Google\Chrome\Application\chrome.exe

[!] Visual Studio - develop Windows apps (Visual Studio Community 2022 17.0.0) [199ms]
    • Visual Studio at C:\Program Files\Microsoft Visual Studio\2022\Community
    • Visual Studio Community 2022 version 17.0.31903.59
    • Windows 10 SDK version 10.0.19041.0
    ✗ Visual Studio is missing necessary components. Please re-run the Visual Studio installer for the "Desktop development with C++" workload, and include these components:
        MSVC v142 - VS 2019 C++ x64/x86 build tools
         - If there are multiple build tool versions available, install the latest
        C++ CMake tools for Windows
        Windows 10 SDK

[✓] Android Studio (version 2024.3) [13ms]
    • Android Studio at C:\Program Files\Android\Android Studio
    • Flutter plugin can be installed from:
      🔨 https://plugins.jetbrains.com/plugin/9212-flutter
    • Dart plugin can be installed from:
      🔨 https://plugins.jetbrains.com/plugin/6351-dart
    • Java version OpenJDK Runtime Environment (build 21.0.5+-12932927-b750.29)

[✓] VS Code (version 1.98.2) [11ms]
    • VS Code at C:\Users\H\AppData\Local\Programs\Microsoft VS Code
    • Flutter extension version 3.106.0

[✓] Connected device (4 available) [286ms]
    • SM N975U (mobile) • R38M803R61V • android-arm64  • Android 12 (API 31)
    • Windows (desktop) • windows     • windows-x64    • Microsoft Windows [Version 10.0.22631.4830]
    • Chrome (web)      • chrome      • web-javascript • Google Chrome 134.0.6998.89
    • Edge (web)        • edge        • web-javascript • Microsoft Edge 132.0.2957.140

[!] Network resources [21.1s]
    ✗ A network error occurred while checking "https://maven.google.com/": The semaphore timeout period has expired.


! Doctor found issues in 4 categories.
```
